<?xml version="1.0" encoding="UTF-8"?>
<coverage generated="1682390736519" clover="3.2.0">
  <project timestamp="1682390736519" name="All files">
    <metrics statements="29" coveredstatements="29" conditionals="9" coveredconditionals="9" methods="9" coveredmethods="9" elements="47" coveredelements="47" complexity="0" loc="29" ncloc="29" packages="1" files="2" classes="2"/>
    <file name="ApiHandler.tsx" path="C:\Users\dtera\Documents\Projects\React\Cognizant\sp-app\sp-app\src\services\ApiHandler.tsx">
      <metrics statements="24" coveredstatements="24" conditionals="8" coveredconditionals="8" methods="8" coveredmethods="8"/>
      <line num="1" count="1" type="stmt"/>
      <line num="2" count="1" type="stmt"/>
      <line num="3" count="1" type="stmt"/>
      <line num="4" count="1" type="stmt"/>
      <line num="5" count="1" type="cond" truecount="1" falsecount="0"/>
      <line num="6" count="1" type="stmt"/>
      <line num="7" count="1" type="cond" truecount="1" falsecount="0"/>
      <line num="8" count="1" type="cond" truecount="1" falsecount="0"/>
      <line num="9" count="1" type="stmt"/>
      <line num="10" count="1" type="cond" truecount="1" falsecount="0"/>
      <line num="11" count="1" type="cond" truecount="1" falsecount="0"/>
      <line num="12" count="1" type="stmt"/>
      <line num="13" count="1" type="stmt"/>
      <line num="14" count="1" type="stmt"/>
      <line num="15" count="1" type="stmt"/>
      <line num="16" count="1" type="stmt"/>
      <line num="17" count="1" type="cond" truecount="1" falsecount="0"/>
      <line num="18" count="1" type="cond" truecount="1" falsecount="0"/>
      <line num="19" count="1" type="stmt"/>
      <line num="20" count="1" type="stmt"/>
      <line num="21" count="1" type="stmt"/>
      <line num="22" count="1" type="stmt"/>
      <line num="23" count="1" type="stmt"/>
      <line num="24" count="1" type="cond" truecount="1" falsecount="0"/>
    </file>
    <file name="AxiosInstance.tsx" path="C:\Users\dtera\Documents\Projects\React\Cognizant\sp-app\sp-app\src\services\AxiosInstance.tsx">
      <metrics statements="5" coveredstatements="5" conditionals="1" coveredconditionals="1" methods="1" coveredmethods="1"/>
      <line num="1" count="1" type="stmt"/>
      <line num="2" count="1" type="stmt"/>
      <line num="3" count="1" type="stmt"/>
      <line num="4" count="1" type="stmt"/>
      <line num="5" count="1" type="cond" truecount="1" falsecount="0"/>
    </file>
  </project>
</coverage>
