{"C:\\Users\\dtera\\Documents\\Projects\\React\\Cognizant\\sp-app\\sp-app\\src\\services\\ApiHandler.tsx": {"path":"C:\\Users\\dtera\\Documents\\Projects\\React\\Cognizant\\sp-app\\sp-app\\src\\services\\ApiHandler.tsx","all":false,"statementMap":{"0":{"start":{"line":1,"column":0},"end":{"line":1,"column":47}},"1":{"start":{"line":2,"column":0},"end":{"line":2,"column":46}},"2":{"start":{"line":3,"column":0},"end":{"line":3,"column":0}},"3":{"start":{"line":4,"column":0},"end":{"line":4,"column":0}},"4":{"start":{"line":5,"column":0},"end":{"line":5,"column":31}},"5":{"start":{"line":6,"column":0},"end":{"line":6,"column":32}},"6":{"start":{"line":7,"column":0},"end":{"line":7,"column":1}},"7":{"start":{"line":8,"column":0},"end":{"line":8,"column":41}},"8":{"start":{"line":9,"column":0},"end":{"line":9,"column":42}},"9":{"start":{"line":10,"column":0},"end":{"line":10,"column":1}},"10":{"start":{"line":11,"column":0},"end":{"line":11,"column":69}},"11":{"start":{"line":12,"column":0},"end":{"line":12,"column":53}},"12":{"start":{"line":13,"column":0},"end":{"line":13,"column":18}},"13":{"start":{"line":14,"column":0},"end":{"line":14,"column":47}},"14":{"start":{"line":15,"column":0},"end":{"line":15,"column":10}},"15":{"start":{"line":16,"column":0},"end":{"line":16,"column":7}},"16":{"start":{"line":17,"column":0},"end":{"line":17,"column":1}},"17":{"start":{"line":18,"column":0},"end":{"line":18,"column":48}},"18":{"start":{"line":19,"column":0},"end":{"line":19,"column":44}},"19":{"start":{"line":20,"column":0},"end":{"line":20,"column":18}},"20":{"start":{"line":21,"column":0},"end":{"line":21,"column":45}},"21":{"start":{"line":22,"column":0},"end":{"line":22,"column":10}},"22":{"start":{"line":23,"column":0},"end":{"line":23,"column":9}},"23":{"start":{"line":24,"column":0},"end":{"line":24,"column":1}}},"s":{"0":1,"1":1,"2":1,"3":1,"4":1,"5":1,"6":1,"7":1,"8":1,"9":1,"10":1,"11":1,"12":1,"13":1,"14":1,"15":1,"16":1,"17":1,"18":1,"19":1,"20":1,"21":1,"22":1,"23":1},"branchMap":{"0":{"type":"branch","line":5,"loc":{"start":{"line":5,"column":7},"end":{"line":7,"column":1}},"locations":[{"start":{"line":5,"column":7},"end":{"line":7,"column":1}}]},"1":{"type":"branch","line":7,"loc":{"start":{"line":7,"column":0},"end":{"line":7,"column":1}},"locations":[{"start":{"line":7,"column":0},"end":{"line":7,"column":1}}]},"2":{"type":"branch","line":8,"loc":{"start":{"line":8,"column":7},"end":{"line":10,"column":1}},"locations":[{"start":{"line":8,"column":7},"end":{"line":10,"column":1}}]},"3":{"type":"branch","line":10,"loc":{"start":{"line":10,"column":0},"end":{"line":10,"column":1}},"locations":[{"start":{"line":10,"column":0},"end":{"line":10,"column":1}}]},"4":{"type":"branch","line":11,"loc":{"start":{"line":11,"column":7},"end":{"line":17,"column":1}},"locations":[{"start":{"line":11,"column":7},"end":{"line":17,"column":1}}]},"5":{"type":"branch","line":17,"loc":{"start":{"line":17,"column":0},"end":{"line":17,"column":1}},"locations":[{"start":{"line":17,"column":0},"end":{"line":17,"column":1}}]},"6":{"type":"branch","line":18,"loc":{"start":{"line":18,"column":7},"end":{"line":24,"column":1}},"locations":[{"start":{"line":18,"column":7},"end":{"line":24,"column":1}}]},"7":{"type":"branch","line":24,"loc":{"start":{"line":24,"column":0},"end":{"line":24,"column":1}},"locations":[{"start":{"line":24,"column":0},"end":{"line":24,"column":1}}]}},"b":{"0":[1],"1":[1],"2":[1],"3":[1],"4":[1],"5":[1],"6":[1],"7":[1]},"fnMap":{"0":{"name":"getAllForms","decl":{"start":{"line":5,"column":7},"end":{"line":7,"column":1}},"loc":{"start":{"line":5,"column":7},"end":{"line":7,"column":1}},"line":5},"1":{"name":"get","decl":{"start":{"line":7,"column":0},"end":{"line":7,"column":1}},"loc":{"start":{"line":7,"column":0},"end":{"line":7,"column":1}},"line":7},"2":{"name":"getForm","decl":{"start":{"line":8,"column":7},"end":{"line":10,"column":1}},"loc":{"start":{"line":8,"column":7},"end":{"line":10,"column":1}},"line":8},"3":{"name":"get","decl":{"start":{"line":10,"column":0},"end":{"line":10,"column":1}},"loc":{"start":{"line":10,"column":0},"end":{"line":10,"column":1}},"line":10},"4":{"name":"editForm","decl":{"start":{"line":11,"column":7},"end":{"line":17,"column":1}},"loc":{"start":{"line":11,"column":7},"end":{"line":17,"column":1}},"line":11},"5":{"name":"get","decl":{"start":{"line":17,"column":0},"end":{"line":17,"column":1}},"loc":{"start":{"line":17,"column":0},"end":{"line":17,"column":1}},"line":17},"6":{"name":"submitForm","decl":{"start":{"line":18,"column":7},"end":{"line":24,"column":1}},"loc":{"start":{"line":18,"column":7},"end":{"line":24,"column":1}},"line":18},"7":{"name":"get","decl":{"start":{"line":24,"column":0},"end":{"line":24,"column":1}},"loc":{"start":{"line":24,"column":0},"end":{"line":24,"column":1}},"line":24}},"f":{"0":1,"1":1,"2":1,"3":1,"4":1,"5":1,"6":1,"7":1}}
,"C:\\Users\\dtera\\Documents\\Projects\\React\\Cognizant\\sp-app\\sp-app\\src\\services\\AxiosInstance.tsx": {"path":"C:\\Users\\dtera\\Documents\\Projects\\React\\Cognizant\\sp-app\\sp-app\\src\\services\\AxiosInstance.tsx","all":false,"statementMap":{"0":{"start":{"line":1,"column":0},"end":{"line":1,"column":26}},"1":{"start":{"line":2,"column":0},"end":{"line":2,"column":0}},"2":{"start":{"line":3,"column":0},"end":{"line":3,"column":42}},"3":{"start":{"line":4,"column":0},"end":{"line":4,"column":42}},"4":{"start":{"line":5,"column":0},"end":{"line":5,"column":3}}},"s":{"0":1,"1":1,"2":1,"3":1,"4":1},"branchMap":{"0":{"type":"branch","line":5,"loc":{"start":{"line":5,"column":1},"end":{"line":5,"column":3}},"locations":[{"start":{"line":5,"column":1},"end":{"line":5,"column":3}}]}},"b":{"0":[5]},"fnMap":{"0":{"name":"get","decl":{"start":{"line":5,"column":1},"end":{"line":5,"column":3}},"loc":{"start":{"line":5,"column":1},"end":{"line":5,"column":3}},"line":5}},"f":{"0":5}}
}
